24/07 16:32:44:851 Send MT Viettel daily started
24/07 16:32:44:880 Starting process session
24/07 16:35:02:964 End of process session
24/07 16:35:02:965 Send MT Viettel daily stopped
24/07 16:35:04:886 Send MT Viettel daily started
24/07 16:35:04:917 Starting process session
24/07 16:35:31:967 Isdn: 84967289995, SC: 8626, Content: Bai hat chinh thuc o World Cup 2006 la Mua He Italia? 1-Dung, 2-Sai. Gui 1 hoac 2 den 9999
24/07 16:35:31:971 Isdn: 84967289996, SC: 8626, Content: Bai hat chinh thuc o World Cup 2006 la Mua He Italia? 1-Dung, 2-Sai. Gui 1 hoac 2 den 9999
24/07 16:35:31:971 Isdn: 84967289974, SC: 8626, Content: Bai hat chinh thuc o World Cup 2006 la Mua He Italia? 1-Dung, 2-Sai. Gui 1 hoac 2 den 9999
24/07 16:35:31:972 Isdn: 84967289991, SC: 8626, Content: Bai hat chinh thuc o World Cup 2006 la Mua He Italia? 1-Dung, 2-Sai. Gui 1 hoac 2 den 9999
24/07 16:52:06:744 Send MT Viettel daily started
24/07 16:52:06:770 Starting process session
24/07 16:52:55:711 Isdn: 84967289959, SC: 8626, Content: Bai hat chinh thuc o World Cup 2006 la Mua He Italia? 1-Dung, 2-Sai. Gui 1 hoac 2 den 9999
24/07 16:52:55:713 Isdn: 84967289979, SC: 8626, Content: Bai hat chinh thuc o World Cup 2006 la Mua He Italia? 1-Dung, 2-Sai. Gui 1 hoac 2 den 9999
24/07 16:52:55:713 Isdn: 84967289971, SC: 8626, Content: Bai hat chinh thuc o World Cup 2006 la Mua He Italia? 1-Dung, 2-Sai. Gui 1 hoac 2 den 9999
24/07 16:52:55:713 Isdn: 84967289973, SC: 8626, Content: Bai hat chinh thuc o World Cup 2006 la Mua He Italia? 1-Dung, 2-Sai. Gui 1 hoac 2 den 9999
24/07 16:55:39:268 Isdn: 84967289959, SC: 8626, Content: Bai hat chinh thuc o World Cup 2006 la Mua He Italia? 1-Dung, 2-Sai. Gui 1 hoac 2 den 9999
24/07 16:55:39:269 Isdn: 84967289929, SC: 8626, Content: Bai hat chinh thuc o World Cup 2006 la Mua He Italia? 1-Dung, 2-Sai. Gui 1 hoac 2 den 9999
24/07 16:55:39:270 Isdn: 84967289969, SC: 8626, Content: Bai hat chinh thuc o World Cup 2006 la Mua He Italia? 1-Dung, 2-Sai. Gui 1 hoac 2 den 9999
24/07 16:55:39:270 Isdn: 84967289972, SC: 8626, Content: Bai hat chinh thuc o World Cup 2006 la Mua He Italia? 1-Dung, 2-Sai. Gui 1 hoac 2 den 9999
24/07 16:55:39:270 Isdn: 84967289974, SC: 8626, Content: Bai hat chinh thuc o World Cup 2006 la Mua He Italia? 1-Dung, 2-Sai. Gui 1 hoac 2 den 9999
24/07 16:55:39:270 Isdn: 84967289979, SC: 8626, Content: Bai hat chinh thuc o World Cup 2006 la Mua He Italia? 1-Dung, 2-Sai. Gui 1 hoac 2 den 9999
24/07 16:55:39:271 Isdn: 84967289971, SC: 8626, Content: Bai hat chinh thuc o World Cup 2006 la Mua He Italia? 1-Dung, 2-Sai. Gui 1 hoac 2 den 9999
24/07 16:55:39:271 Isdn: 84967289973, SC: 8626, Content: Bai hat chinh thuc o World Cup 2006 la Mua He Italia? 1-Dung, 2-Sai. Gui 1 hoac 2 den 9999
24/07 16:56:15:366 Isdn: 84967289974, SC: 8626, Content: Bai hat chinh thuc o World Cup 2006 la Mua He Italia? 1-Dung, 2-Sai. Gui 1 hoac 2 den 9999
24/07 17:00:08:353 Isdn: 84967289974, SC: 8626, Content: Bai hat chinh thuc o World Cup 2006 la Mua He Italia? 1-Dung, 2-Sai. Gui 1 hoac 2 den 9999
24/07 17:01:59:511 Isdn: 84967289973, SC: 8626, Content: Bai hat chinh thuc o World Cup 2006 la Mua He Italia? 1-Dung, 2-Sai. Gui 1 hoac 2 den 9999
24/07 17:03:23:091 Isdn: 84967289972, SC: 8626, Content: Bai hat chinh thuc o World Cup 2006 la Mua He Italia? 1-Dung, 2-Sai. Gui 1 hoac 2 den 9999
24/07 17:05:06:856 Isdn: 84967289972, SC: 8626, Content: Bai hat chinh thuc o World Cup 2006 la Mua He Italia? 1-Dung, 2-Sai. Gui 1 hoac 2 den 9999
24/07 17:06:26:982 Isdn: 84967289974, SC: 8626, Content: Bai hat chinh thuc o World Cup 2006 la Mua He Italia? 1-Dung, 2-Sai. Gui 1 hoac 2 den 9999
24/07 17:08:07:204 Isdn: 84967289972, SC: 8626, Content: Bai hat chinh thuc o World Cup 2006 la Mua He Italia? 1-Dung, 2-Sai. Gui 1 hoac 2 den 9999
24/07 17:08:53:822 Isdn: 84967289972, SC: 8626, Content: Bai hat chinh thuc o World Cup 2006 la Mua He Italia? 1-Dung, 2-Sai. Gui 1 hoac 2 den 9999
24/07 17:09:15:441 Isdn: 84967289971, SC: 8626, Content: Bai hat chinh thuc o World Cup 2006 la Mua He Italia? 1-Dung, 2-Sai. Gui 1 hoac 2 den 9999
24/07 17:12:54:575 Send MT Viettel daily started
24/07 17:12:54:597 Starting process session
24/07 17:13:08:531 Isdn: 84967289972, SC: 8626, Content: Bai hat chinh thuc o World Cup 2006 la Mua He Italia? 1-Dung, 2-Sai. Gui 1 hoac 2 den 9999
24/07 17:13:08:538 Isdn: 84967289979, SC: 8626, Content: Bai hat chinh thuc o World Cup 2006 la Mua He Italia? 1-Dung, 2-Sai. Gui 1 hoac 2 den 9999
24/07 17:13:08:538 Isdn: 84967289971, SC: 8626, Content: Bai hat chinh thuc o World Cup 2006 la Mua He Italia? 1-Dung, 2-Sai. Gui 1 hoac 2 den 9999
24/07 17:20:03:579 Send MT Viettel daily started
24/07 17:20:03:599 Starting process session
24/07 17:20:36:342 Isdn: 84967289959, SC: 8626, Content: Bai hat chinh thuc o World Cup 2006 la Mua He Italia? 1-Dung, 2-Sai. Gui 1 hoac 2 den 9999
24/07 17:20:36:381 Isdn: 84967289969, SC: 8626, Content: Bai hat chinh thuc o World Cup 2006 la Mua He Italia? 1-Dung, 2-Sai. Gui 1 hoac 2 den 9999
24/07 17:21:42:541 Isdn: 84967289979, SC: 8626, Content: Bai hat chinh thuc o World Cup 2006 la Mua He Italia? 1-Dung, 2-Sai. Gui 1 hoac 2 den 9999
24/07 17:24:04:498 Isdn: 84967289971, SC: 8626, Content: Bai hat chinh thuc o World Cup 2006 la Mua He Italia? 1-Dung, 2-Sai. Gui 1 hoac 2 den 9999
24/07 17:27:58:503 Send MT Viettel daily started
24/07 17:27:58:525 Starting process session
24/07 17:28:16:837 Isdn: 84967289969, SC: 8626, Content: Bai hat chinh thuc o World Cup 2006 la Mua He Italia? 1-Dung, 2-Sai. Gui 1 hoac 2 den 9999
24/07 17:28:16:839 Isdn: 84967289979, SC: 8626, Content: Bai hat chinh thuc o World Cup 2006 la Mua He Italia? 1-Dung, 2-Sai. Gui 1 hoac 2 den 9999
24/07 17:28:16:839 Isdn: 84967289971, SC: 8626, Content: Bai hat chinh thuc o World Cup 2006 la Mua He Italia? 1-Dung, 2-Sai. Gui 1 hoac 2 den 9999
24/07 17:28:16:839 Isdn: 84967289973, SC: 8626, Content: Bai hat chinh thuc o World Cup 2006 la Mua He Italia? 1-Dung, 2-Sai. Gui 1 hoac 2 den 9999
