24/07 08:32:29:918 84967289976: CP - CP.MO
24/07 08:32:30:029 84967289976: CRM - CRM.REGIST_GO_SERVICES
24/07 08:32:30:090 : VT8X26 - VT8X26.SENDSMS
24/07 08:32:30:191 : VT8X26 - VT8X26.SENDSMS
24/07 08:32:39:639 84967289976: CRM - CRM.QUESTION_CONFIRM
24/07 08:32:39:681 : VT8X26 - VT8X26.SENDSMS
24/07 08:43:06:569 Command Routing started
24/07 08:43:06:673 Starting process session
24/07 08:44:00:038 84967289976: CRM - CRM.QUESTION_CONFIRM
24/07 08:44:00:097 : VT8X26 - VT8X26.SENDSMS
24/07 08:44:59:800 84967289976: CRM - CRM.QUESTION_CONFIRM
24/07 08:44:59:841 : VT8X26 - VT8X26.SENDSMS
24/07 08:45:05:084 84967289976: CRM - CRM.QUESTION_CONFIRM
24/07 08:45:05:115 : VT8X26 - VT8X26.SENDSMS
24/07 08:48:38:279 84967289976: CRM - CRM.QUESTION_CONFIRM
24/07 08:48:38:320 : VT8X26 - VT8X26.SENDSMS
24/07 08:48:54:984 : VT8X26 - VT8X26.SENDSMS
24/07 08:49:07:378 : VT8X26 - VT8X26.SENDSMS
24/07 08:49:12:327 : VT8X26 - VT8X26.SENDSMS
24/07 09:14:18:203 : VT8X26 - VT8X26.SENDSMS
24/07 09:14:22:086 : VT8X26 - VT8X26.SENDSMS
24/07 09:14:54:381 : VT8X26 - VT8X26.SENDSMS
24/07 09:17:46:960 : VT8X26 - VT8X26.SENDSMS
24/07 09:18:12:604 : VT8X26 - VT8X26.SENDSMS
24/07 09:19:01:727 : VT8X26 - VT8X26.SENDSMS
24/07 09:19:07:157 : VT8X26 - VT8X26.SENDSMS
24/07 09:19:11:885 : VT8X26 - VT8X26.SENDSMS
24/07 09:19:25:369 : VT8X26 - VT8X26.SENDSMS
24/07 09:19:28:763 : VT8X26 - VT8X26.SENDSMS
24/07 09:19:45:006 : VT8X26 - VT8X26.SENDSMS
24/07 09:19:49:206 : VT8X26 - VT8X26.SENDSMS
24/07 09:20:08:095 : VT8X26 - VT8X26.SENDSMS
24/07 09:20:11:874 : VT8X26 - VT8X26.SENDSMS
24/07 09:21:06:288 : VT8X26 - VT8X26.SENDSMS
24/07 09:21:11:115 : VT8X26 - VT8X26.SENDSMS
24/07 09:21:15:194 : VT8X26 - VT8X26.SENDSMS
24/07 09:21:28:155 : VT8X26 - VT8X26.SENDSMS
24/07 09:21:29:809 : VT8X26 - VT8X26.SENDSMS
24/07 09:27:34:080 Command Routing started
24/07 09:27:34:127 Starting process session
24/07 09:28:57:321 84967289977: CP - CP.MO
24/07 09:28:57:442 84967289977: CRM - CRM.REGIST_GO_SERVICES
24/07 09:28:57:501 : VT8X26 - VT8X26.SENDSMS
24/07 09:28:57:602 : VT8X26 - VT8X26.SENDSMS
24/07 09:29:14:334 84967289977: CRM - CRM.QUESTION_CONFIRM
24/07 09:29:14:386 : VT8X26 - VT8X26.SENDSMS
24/07 09:34:17:857 Command Routing started
24/07 09:34:17:964 Starting process session
24/07 09:34:41:656 84967289977: CRM - CRM.QUESTION_CONFIRM
24/07 09:34:41:708 84967289977: VT8X26 - VT8X26.SENDSMS
24/07 09:34:58:299 84967289977: CRM - CRM.QUESTION_CONFIRM
24/07 09:34:58:350 84967289977: VT8X26 - VT8X26.SENDSMS
24/07 09:36:38:394 84967289977: CRM - CRM.QUESTION_CONFIRM
24/07 09:36:38:438 84967289977: VT8X26 - VT8X26.SENDSMS
24/07 09:36:45:580 84967289977: CRM - CRM.QUESTION_CONFIRM
24/07 09:36:45:621 84967289977: VT8X26 - VT8X26.SENDSMS
24/07 09:37:19:954 84967289977: CRM - CRM.QUESTION_CONFIRM
24/07 09:37:19:995 84967289977: VT8X26 - VT8X26.SENDSMS
24/07 09:38:12:179 84967289977: CRM - CRM.QUESTION_CONFIRM
24/07 09:38:12:223 84967289977: VT8X26 - VT8X26.SENDSMS
24/07 09:38:59:731 84967289977: CRM - CRM.QUESTION_CONFIRM
24/07 09:38:59:774 84967289977: VT8X26 - VT8X26.SENDSMS
24/07 09:39:05:395 84967289977: CRM - CRM.QUESTION_CONFIRM
24/07 09:39:05:427 84967289977: VT8X26 - VT8X26.SENDSMS
24/07 09:39:29:537 84967289977: CRM - CRM.QUESTION_CONFIRM
24/07 09:39:29:579 84967289977: VT8X26 - VT8X26.SENDSMS
24/07 09:39:34:197 84967289977: VT8X26 - VT8X26.SENDSMS
24/07 09:40:10:694 84967289977: VT8X26 - VT8X26.SENDSMS
24/07 09:40:17:367 84967289977: VT8X26 - VT8X26.SENDSMS
24/07 09:41:15:815 84967289977: VT8X26 - VT8X26.SENDSMS
24/07 09:41:21:082 84967289977: VT8X26 - VT8X26.SENDSMS
24/07 09:41:25:999 84967289977: VT8X26 - VT8X26.SENDSMS
24/07 09:41:34:553 84967289977: VT8X26 - VT8X26.SENDSMS
24/07 09:41:35:871 84967289977: VT8X26 - VT8X26.SENDSMS
24/07 09:41:36:836 84967289977: VT8X26 - VT8X26.SENDSMS
24/07 09:41:37:529 84967289977: VT8X26 - VT8X26.SENDSMS
24/07 09:41:38:304 84967289977: VT8X26 - VT8X26.SENDSMS
24/07 09:41:52:285 84967289977: VT8X26 - VT8X26.SENDSMS
24/07 09:41:53:065 84967289977: VT8X26 - VT8X26.SENDSMS
24/07 09:41:53:835 84967289977: VT8X26 - VT8X26.SENDSMS
24/07 10:14:00:272 Command Routing started
24/07 10:14:00:305 Starting process session
24/07 10:15:12:846 84967289978: CP - CP.MO
24/07 10:15:12:967 84967289978: CRM - CRM.REGIST_GO_SERVICES
24/07 10:15:13:032 84967289978: VT8X26 - VT8X26.SENDSMS
24/07 10:15:13:123 84967289978: VT8X26 - VT8X26.SENDSMS
24/07 10:18:47:279 Command Routing started
24/07 10:18:47:360 Starting process session
24/07 10:20:29:710 84967289978: CRM - CRM.QUESTION_CONFIRM
24/07 10:20:29:775 84967289978: VT8X26 - VT8X26.SENDSMS
24/07 10:21:48:916 Command Routing started
24/07 10:21:48:989 Starting process session
24/07 10:22:13:958 84967289978: CRM - CRM.QUESTION_CONFIRM
24/07 10:22:14:021 84967289978: VT8X26 - VT8X26.SENDSMS
24/07 10:39:36:142 Command Routing started
24/07 10:39:36:273 Starting process session
24/07 10:40:15:043 84967289978: CRM - CRM.QUESTION_CONFIRM
24/07 10:40:15:111 84967289978: VT8X26 - VT8X26.SENDSMS
24/07 10:55:57:253 Command Routing started
24/07 10:55:57:307 Starting process session
24/07 10:56:27:760 84967289978: CRM - CRM.QUESTION_CONFIRM
24/07 10:56:33:607 84967289978: VT8X26 - VT8X26.SENDSMS
24/07 11:46:15:369 Command Routing started
24/07 11:46:15:415 Starting process session
24/07 13:30:58:709 Command Routing started
24/07 13:30:58:820 Starting process session
24/07 13:33:37:591 Command Routing started
24/07 13:33:37:636 Starting process session
24/07 13:35:41:052 Command Routing started
24/07 13:35:41:095 Starting process session
24/07 13:36:34:339 84967289978: VT8X26 - VT8X26.SENDSMS
24/07 13:36:36:478 84967289978: VT8X26 - VT8X26.SENDSMS
24/07 13:37:37:697 84967289978: VT8X26 - VT8X26.SENDSMS
24/07 13:37:37:798 84967289978: VT8X26 - VT8X26.SENDSMS
24/07 14:34:35:026 Command Routing started
24/07 14:34:35:096 Starting process session
24/07 14:39:42:779 Command Routing started
24/07 14:39:42:859 Starting process session
24/07 14:40:32:587 84967289979: VT8X26 - VT8X26.SENDSMS
24/07 14:40:32:678 84967289979: VT8X26 - VT8X26.SENDSMS
24/07 14:42:29:684 84967289979: CRM - CRM.QUESTION_CONFIRM
24/07 14:42:29:798 84967289979: VT8X26 - VT8X26.SENDSMS
24/07 14:42:46:612 84967289979: CRM - CRM.QUESTION_CONFIRM
24/07 14:42:46:673 84967289979: VT8X26 - VT8X26.SENDSMS
24/07 14:42:57:181 84967289979: CRM - CRM.QUESTION_CONFIRM
24/07 14:42:57:225 84967289979: VT8X26 - VT8X26.SENDSMS
24/07 14:44:02:032 84967289979: CRM - CRM.QUESTION_CONFIRM
24/07 14:44:02:096 84967289979: VT8X26 - VT8X26.SENDSMS
24/07 14:44:09:522 84967289979: CRM - CRM.QUESTION_CONFIRM
24/07 14:44:09:600 84967289979: VT8X26 - VT8X26.SENDSMS
24/07 14:44:13:537 84967289979: CRM - CRM.QUESTION_CONFIRM
24/07 14:44:13:598 84967289979: VT8X26 - VT8X26.SENDSMS
24/07 14:44:20:064 84967289979: CRM - CRM.QUESTION_CONFIRM
24/07 14:44:20:105 84967289979: VT8X26 - VT8X26.SENDSMS
24/07 14:44:22:883 84967289979: CRM - CRM.QUESTION_CONFIRM
24/07 14:44:23:165 84967289979: VT8X26 - VT8X26.SENDSMS
24/07 14:44:26:655 84967289979: CRM - CRM.QUESTION_CONFIRM
24/07 14:44:26:708 84967289979: VT8X26 - VT8X26.SENDSMS
24/07 14:44:30:318 84967289979: CRM - CRM.QUESTION_CONFIRM
24/07 14:44:30:363 84967289979: VT8X26 - VT8X26.SENDSMS
24/07 14:45:18:574 84967289979: CRM - CRM.QUESTION_CONFIRM
24/07 14:45:18:647 84967289979: VT8X26 - VT8X26.SENDSMS
24/07 14:45:22:266 84967289979: CRM - CRM.QUESTION_CONFIRM
24/07 14:45:22:320 84967289979: VT8X26 - VT8X26.SENDSMS
24/07 14:45:24:690 84967289979: CRM - CRM.QUESTION_CONFIRM
24/07 14:45:24:752 84967289979: VT8X26 - VT8X26.SENDSMS
24/07 14:45:27:123 84967289979: CRM - CRM.QUESTION_CONFIRM
24/07 14:45:27:174 84967289979: VT8X26 - VT8X26.SENDSMS
24/07 14:45:29:492 84967289979: CRM - CRM.QUESTION_CONFIRM
24/07 14:45:29:555 84967289979: VT8X26 - VT8X26.SENDSMS
24/07 14:45:37:071 84967289979: VT8X26 - VT8X26.SENDSMS
24/07 14:45:57:199 84967289979: VT8X26 - VT8X26.SENDSMS
24/07 14:47:08:406 84967289979: VT8X26 - VT8X26.SENDSMS
24/07 15:59:28:664 Command Routing started
24/07 15:59:28:707 Starting process session
24/07 15:59:57:176 84967289981: CP - CP.MO
24/07 15:59:57:337 84967289981: CRM - CRM.REGIST_GO_SERVICES
24/07 15:59:57:431 84967289981: VT8X26 - VT8X26.SENDSMS
24/07 15:59:57:522 84967289981: VT8X26 - VT8X26.SENDSMS
24/07 16:00:05:040 84967289981: CRM - CRM.QUESTION_CONFIRM
24/07 16:00:05:175 84967289981: VT8X26 - VT8X26.SENDSMS
24/07 16:00:14:621 84967289981: CRM - CRM.QUESTION_CONFIRM
24/07 16:00:14:693 84967289981: VT8X26 - VT8X26.SENDSMS
24/07 16:00:18:069 84967289981: CRM - CRM.QUESTION_CONFIRM
24/07 16:00:18:120 84967289981: VT8X26 - VT8X26.SENDSMS
24/07 16:00:20:569 84967289981: CRM - CRM.QUESTION_CONFIRM
24/07 16:00:20:601 84967289981: VT8X26 - VT8X26.SENDSMS
24/07 16:00:23:088 84967289981: CRM - CRM.QUESTION_CONFIRM
24/07 16:00:23:140 84967289981: VT8X26 - VT8X26.SENDSMS
24/07 16:00:25:280 84967289981: CRM - CRM.QUESTION_CONFIRM
24/07 16:00:25:322 84967289981: VT8X26 - VT8X26.SENDSMS
24/07 16:00:27:510 84967289981: CRM - CRM.QUESTION_CONFIRM
24/07 16:00:27:551 84967289981: VT8X26 - VT8X26.SENDSMS
24/07 16:00:30:438 84967289981: CRM - CRM.QUESTION_CONFIRM
24/07 16:00:30:490 84967289981: VT8X26 - VT8X26.SENDSMS
24/07 16:32:13:790 Command Routing started
24/07 16:32:13:827 Starting process session
24/07 16:46:46:724 Command Routing started
24/07 16:46:46:767 Starting process session
24/07 16:47:16:805 java.sql.SQLException: An attempt by a client to checkout a Connection has timed out.
24/07 16:47:16:805 End of process session
24/07 16:47:26:805 Starting process session
24/07 16:47:59:895 End of process session
24/07 16:47:59:896 Command Routing stopped
24/07 16:48:01:908 Command Routing started
24/07 16:48:01:940 Starting process session
24/07 16:48:38:350 84967289982: CP - CP.MO
24/07 16:48:38:490 84967289982: CRM - CRM.REGIST_GO_SERVICES
24/07 16:48:38:556 84967289982: VT8X26 - VT8X26.SENDSMS
24/07 16:48:38:657 84967289982: VT8X26 - VT8X26.SENDSMS
24/07 16:48:49:803 84967289982: VT8X26 - VT8X26.SENDSMS
24/07 16:48:49:905 84967289982: VT8X26 - VT8X26.SENDSMS
24/07 16:48:56:742 84967289982: CRM - CRM.QUESTION_CONFIRM
24/07 16:48:56:795 84967289982: VT8X26 - VT8X26.SENDSMS
24/07 16:48:58:109 84967289982: CRM - CRM.QUESTION_CONFIRM
24/07 16:48:58:159 84967289982: VT8X26 - VT8X26.SENDSMS
24/07 16:48:58:968 84967289982: CRM - CRM.QUESTION_CONFIRM
24/07 16:48:59:009 84967289982: VT8X26 - VT8X26.SENDSMS
24/07 16:48:59:730 84967289982: CRM - CRM.QUESTION_CONFIRM
24/07 16:48:59:771 84967289982: VT8X26 - VT8X26.SENDSMS
24/07 16:49:00:402 84967289982: CRM - CRM.QUESTION_CONFIRM
24/07 16:49:00:456 84967289982: VT8X26 - VT8X26.SENDSMS
24/07 16:49:01:090 84967289982: CRM - CRM.QUESTION_CONFIRM
24/07 16:49:01:058 84967289982: VT8X26 - VT8X26.SENDSMS
24/07 17:12:36:489 Command Routing started
24/07 17:12:36:538 Starting process session
24/07 17:13:13:099 84967289971: VT8X26 - VT8X26.SENDSMS
24/07 17:13:13:585 84967289972: VT8X26 - VT8X26.SENDSMS
24/07 17:13:14:152 84967289979: VT8X26 - VT8X26.SENDSMS
24/07 17:19:45:470 Command Routing started
24/07 17:19:45:531 Starting process session
24/07 17:20:15:108 84967289982: CRM - CRM.QUESTION_CONFIRM
24/07 17:20:15:183 84967289982: VT8X26 - VT8X26.SENDSMS
24/07 17:20:36:415 84967289959: VT8X26 - VT8X26.SENDSMS
24/07 17:20:36:436 84967289969: VT8X26 - VT8X26.SENDSMS
24/07 17:21:42:584 84967289979: VT8X26 - VT8X26.SENDSMS
24/07 17:24:04:536 84967289971: VT8X26 - VT8X26.SENDSMS
24/07 17:27:44:412 Command Routing started
24/07 17:27:44:456 Starting process session
24/07 17:28:16:916 84967289969: VT8X26 - VT8X26.SENDSMS
24/07 17:28:16:947 84967289979: VT8X26 - VT8X26.SENDSMS
24/07 17:28:16:968 84967289971: VT8X26 - VT8X26.SENDSMS
24/07 17:28:16:989 84967289973: VT8X26 - VT8X26.SENDSMS
24/07 21:18:23:454 Command Routing started
24/07 21:18:23:570 Starting process session
24/07 21:20:58:828 84967289972: CP - CP.MO
24/07 21:20:58:860 84967289974: CP - CP.MO
24/07 21:20:58:871 84967289973: CP - CP.MO
24/07 21:20:58:952 84967289972: CRM - CRM.UNREGIST_GO_SERVICES
24/07 21:20:59:055 84967289974: CRM - CRM.UNREGIST_GO_SERVICES
24/07 21:20:59:156 84967289973: CRM - CRM.UNREGIST_GO_SERVICES
