28/07 09:42:33:598 Command Routing started
28/07 09:42:33:704 Starting process session
28/07 09:44:07:886 84967289981: CRM - CRM.QUESTION_CONFIRM
28/07 09:44:07:999 84967289981: VT8X26 - VT8X26.SENDSMS
28/07 09:46:05:717 Command Routing started
28/07 09:46:05:764 Starting process session
28/07 09:46:26:290 84967289981: CRM - CRM.QUESTION_CONFIRM
28/07 09:46:26:359 84967289981: VT8X26 - VT8X26.SENDSMS
28/07 09:48:18:001 84923962323: MTSMS - MT.SEND_SMS
28/07 10:00:01:851 Command Routing started
28/07 10:00:01:917 Starting process session
28/07 10:01:12:252 Command Routing started
28/07 10:01:12:452 Starting process session
28/07 10:04:08:978 84923962323: CP - CP.MO
28/07 10:04:09:100 84923962323: CRM - CRM.SUBSCRIPTION_REGIST
28/07 10:05:10:821 Command Routing started
28/07 10:05:10:923 Starting process session
28/07 10:05:45:658 84923962323: CP - CP.MO
28/07 10:06:11:151 84923962323: CRM - CRM.SUBSCRIPTION_REGIST
28/07 10:07:11:555 84923962323: CP - CP.MO
28/07 10:07:11:657 84923962323: CRM - CRM.SUBSCRIPTION_UNREGIST
28/07 15:28:44:674 Command Routing started
28/07 15:28:44:793 Starting process session
28/07 15:29:27:819 84967289990: CP - CP.MO
28/07 15:29:27:981 84967289990: CRM - CRM.REGIST_GO_SERVICES
28/07 15:29:28:107 84967289990: VT8X26 - VT8X26.SENDSMS
28/07 15:29:28:178 84967289990: VT8X26 - VT8X26.SENDSMS
28/07 15:33:53:299 84967289990: CP - CP.MO
28/07 15:33:53:400 84967289990: CRM - CRM.REGIST_GO_SERVICES
28/07 15:34:14:278 84967289990: VT8X26 - VT8X26.SENDSMS
28/07 15:34:17:736 84967289990: VT8X26 - VT8X26.SENDSMS
28/07 15:34:17:837 84967289990: VT8X26 - VT8X26.SENDSMS
