25/07 15:05:31:594 Command Routing started
25/07 15:05:31:674 Starting process session
25/07 15:16:42:112 orderId = 482862605 | requestId = 0 | orderDate = 2014/07/25 15:16:42 | cycleDate = 2014/07/25 15:13:55 | companyId = 0 | groupId = 0 | userId = test | merchantId = 883 | agentId = 933 | opId = 0 | subscriberId = 0 | subPackageId = 0 | subProductId = 0 | segmentId = 0 | campaignId = 0 | channel = web | serviceAddress = 8926 | keyword = DELIVERY_MSPSAM800002 | isdn = 84906130890 | subscriberType = 1 | shipTo =  | actionType = send-mt | productId = 1125 | associateProductId = 0 | offerPrice = 0.0 | price = 0.0 | quantity = 1 | discount = 0.0 | amount = 0.0 | loyalty = 0.0 | provisioningId = 0 | commandId = 874 | request =  | response =  | status = 4 | cause = unknow-route | description = null | cgw_status = null | scenario = 0 | timeout = 60000
25/07 15:17:48:818 End of process session
25/07 15:17:48:819 Command Routing stopped
25/07 15:17:50:832 Command Routing started
25/07 15:17:50:862 Starting process session
25/07 15:17:56:736 84906130890: MOBIFONESUB - MOBIFONESUB.SENDMT
25/07 15:18:44:850 Command Routing started
25/07 15:18:44:943 Starting process session
25/07 15:19:07:951 84906130890: MOBIFONESUB - MOBIFONESUB.SENDMT
25/07 15:23:31:586 orderId = 482862608 | requestId = 1102 | orderDate = 2014/07/25 15:23:31 | cycleDate = 2014/07/25 15:20:44 | companyId = 0 | groupId = 0 | userId = test | merchantId = 883 | agentId = 933 | opId = 0 | subscriberId = 0 | subPackageId = 0 | subProductId = 0 | segmentId = 0 | campaignId = 0 | channel = web | serviceAddress = 8926 | keyword = OTPREQ_MSPSAM800002 | isdn = 84906130890 | subscriberType = 1 | shipTo =  | actionType = otp-req | productId = 1125 | associateProductId = 0 | offerPrice = 0.0 | price = 0.0 | quantity = 1 | discount = 0.0 | amount = 0.0 | loyalty = 0.0 | provisioningId = 0 | commandId = 894 | request =  | response =  | status = 4 | cause = unknow-route | description = null | cgw_status = null | scenario = 0 | timeout = 60000
25/07 15:24:14:996 End of process session
25/07 15:24:14:997 Command Routing stopped
25/07 15:24:17:017 Command Routing started
25/07 15:24:17:040 Starting process session
25/07 15:24:29:368 84906130890: MOBIFONEOTP - MOBIFONEOTP.OTPREQUEST
25/07 15:25:38:010 84906130890: MOBIFONEOTP - MOBIFONEOTP.SUBREQUEST
25/07 15:28:38:294 84923962323: MTSMS - MT.SEND_SMS
25/07 15:29:39:461 84923962323: MTSMS - MT.SEND_SMS
25/07 15:31:00:510 84923962323: MTSMS - MT.SEND_SMS
25/07 15:31:32:785 84923962323: MTSMS - MT.SEND_SMS
25/07 15:31:44:653 84923962323: MTSMS - MT.SEND_SMS
25/07 15:33:16:930 Command Routing started
25/07 15:33:17:014 Starting process session
25/07 15:33:35:118 84923962323: MTSMS - MT.SEND_SMS
25/07 15:34:38:890 Command Routing started
25/07 15:34:39:015 Starting process session
25/07 15:36:38:835 84923962323: MTSMS - MT.SEND_SMS
25/07 15:38:03:801 Command Routing started
25/07 15:38:03:871 Starting process session
25/07 15:38:25:179 84923962323: MTSMS - MT.SEND_SMS
25/07 15:41:39:010 84923962323: MTSMS - MT.SEND_SMS
25/07 15:48:35:407 84923962323: MTSMS - MT.SEND_SMS
25/07 15:49:23:128 84923962323: MTSMS - MT.SEND_SMS
25/07 16:31:00:105 Command Routing started
25/07 16:31:00:199 Starting process session
25/07 16:31:31:246 84967289983: VT8X26 - VT8X26.SENDSMS
25/07 16:31:31:347 84967289983: VT8X26 - VT8X26.SENDSMS
25/07 17:23:35:884 Command Routing started
25/07 17:23:35:959 Starting process session
25/07 17:24:01:749 84967289990: VT8X26 - VT8X26.SENDSMS
25/07 17:24:01:856 84967289990: VT8X26 - VT8X26.SENDSMS
25/07 17:28:24:465 Command Routing started
25/07 17:28:24:512 Starting process session
25/07 17:29:01:932 84967289990: VT8X26 - VT8X26.SENDSMS
25/07 17:29:02:023 84967289990: VT8X26 - VT8X26.SENDSMS
25/07 17:32:11:848 Command Routing started
25/07 17:32:11:919 Starting process session
25/07 17:32:41:535 84967289990: VT8X26 - VT8X26.SENDSMS
25/07 17:32:41:626 84967289990: VT8X26 - VT8X26.SENDSMS
25/07 23:37:13:634 Command Routing started
25/07 23:37:13:697 Starting process session
25/07 23:38:00:792 84967289983: VT8X26 - VT8X26.SENDSMS
25/07 23:38:00:888 84967289983: VT8X26 - VT8X26.SENDSMS
