28/07 09:42:32:458 Order Routing started
28/07 09:42:32:514 Starting process session
28/07 09:42:45:382 Testing connection ...
28/07 09:42:45:386 Created provisioning instance for NMSCHARGING
28/07 09:42:45:387 Testing connection are success
28/07 09:44:07:879 84967289981: ACOMVT00001 - CRM.QUESTION_CONFIRM
28/07 09:44:07:879 orderId = 482862677 | requestId = 0 | orderDate = 2014/07/28 09:44:07 | userName = vt8x26 | merchantId = 883 | agentId = 0 | opId = 3 | subProductId = 1982743 | channel = web | serviceAddress = 8626 | keyword = GET_A | isdn = 84967289981 | subscriberType = 1 | shipTo =  | actionType = confirm | productId = 910 | amount = 0.0 | provisioningType = CRM | commandId = 381 | cause =  | status = 1 | description =  | cgw_status = null | scenario = 0 | timeout = 30000
28/07 09:44:07:880 orderId = 482862677 , orderDate = Mon Jul 28 09:44:07 ICT 2014 , isdn = 84967289981 , total execute time = 145, validation cost = 123 , create order cost = 22 , update order cost = 0
28/07 09:46:04:587 Order Routing started
28/07 09:46:04:733 Starting process session
28/07 09:46:17:007 Testing connection ...
28/07 09:46:17:009 Created provisioning instance for NMSCHARGING
28/07 09:46:17:009 Testing connection are success
28/07 09:46:26:278 84967289981: ACOMVT00001 - CRM.QUESTION_CONFIRM
28/07 09:46:26:278 orderId = 482862678 | requestId = 0 | orderDate = 2014/07/28 09:46:26 | userName = vt8x26 | merchantId = 883 | agentId = 0 | opId = 3 | subProductId = 1982743 | channel = web | serviceAddress = 8626 | keyword = GET_A | isdn = 84967289981 | subscriberType = 1 | shipTo =  | actionType = confirm | productId = 910 | amount = 0.0 | provisioningType = CRM | commandId = 381 | cause =  | status = 1 | description =  | cgw_status = null | scenario = 0 | timeout = 30000
28/07 09:46:26:278 orderId = 482862678 , orderDate = Mon Jul 28 09:46:26 ICT 2014 , isdn = 84967289981 , total execute time = 101, validation cost = 82 , create order cost = 19 , update order cost = 0
28/07 09:46:50:565 invalid-syntax
28/07 09:46:50:566 orderId = 0 | requestId = 0 | orderDate = 2014/07/27 20:06:33 | userName = test | merchantId = 883 | agentId = 933 | opId = 0 | subProductId = 0 | channel = web | serviceAddress = 8926 | keyword = DELIVERY_MSPSAM800007 | isdn = 84923962323 | subscriberType = -1 | shipTo =  | actionType =  | productId = 0 | amount = 0.0 | provisioningType =  | commandId = 0 | cause = invalid-syntax | status = 4 | description = null | cgw_status = null | scenario = 0 | timeout = 60000
28/07 09:47:00:351 orderId = 0 , orderDate = Sun Jul 27 20:06:33 ICT 2014 , isdn = 84923962323 , total execute time = 9788, validation cost = 9788 , create order cost = 0 , update order cost = 0
28/07 09:47:16:975 invalid-syntax
28/07 09:47:16:976 orderId = 0 | requestId = 0 | orderDate = 2014/07/27 20:06:33 | userName = test | merchantId = 883 | agentId = 933 | opId = 0 | subProductId = 0 | channel = web | serviceAddress = 8926 | keyword = DELIVERY_MSPSAM800007 | isdn = 84923962323 | subscriberType = -1 | shipTo =  | actionType =  | productId = 0 | amount = 0.0 | provisioningType =  | commandId = 0 | cause = invalid-syntax | status = 4 | description = null | cgw_status = null | scenario = 0 | timeout = 60000
28/07 09:47:26:917 orderId = 0 , orderDate = Sun Jul 27 20:06:33 ICT 2014 , isdn = 84923962323 , total execute time = 9944, validation cost = 9944 , create order cost = 0 , update order cost = 0
28/07 09:47:34:638 invalid-syntax
28/07 09:47:34:638 orderId = 0 | requestId = 0 | orderDate = 2014/07/27 20:06:33 | userName = test | merchantId = 883 | agentId = 933 | opId = 0 | subProductId = 0 | channel = web | serviceAddress = 8926 | keyword = DELIVERY_MSPSAM800007 | isdn = 84923962323 | subscriberType = -1 | shipTo =  | actionType =  | productId = 0 | amount = 0.0 | provisioningType =  | commandId = 0 | cause = invalid-syntax | status = 4 | description = null | cgw_status = null | scenario = 0 | timeout = 60000
28/07 09:47:39:294 orderId = 0 , orderDate = Sun Jul 27 20:06:33 ICT 2014 , isdn = 84923962323 , total execute time = 4657, validation cost = 4657 , create order cost = 0 , update order cost = 0
28/07 09:47:58:337 invalid-syntax
28/07 09:47:58:337 orderId = 0 | requestId = 0 | orderDate = 2014/07/28 09:47:33 | userName = test | merchantId = 883 | agentId = 933 | opId = 0 | subProductId = 0 | channel = web | serviceAddress = 8926 | keyword = DELIVERY_MSPSAM800007 | isdn = 84923962323 | subscriberType = -1 | shipTo =  | actionType =  | productId = 0 | amount = 0.0 | provisioningType =  | commandId = 0 | cause = invalid-syntax | status = 4 | description = null | cgw_status = null | scenario = 0 | timeout = 60000
28/07 09:48:00:477 orderId = 0 , orderDate = Mon Jul 28 09:47:33 ICT 2014 , isdn = 84923962323 , total execute time = 2142, validation cost = 2142 , create order cost = 0 , update order cost = 0
28/07 09:48:17:999 84923962323: MSPSAM800008 - MT.SEND_SMS
28/07 09:48:18:000 orderId = 482862679 | requestId = 0 | orderDate = 2014/07/28 09:48:17 | userName = test | merchantId = 883 | agentId = 933 | opId = 4 | subProductId = 0 | channel = web | serviceAddress = 8926 | keyword = DELIVERY_MSPSAM800008 | isdn = 84923962323 | subscriberType = 1 | shipTo =  | actionType = send-mt | productId = 960 | amount = 0.0 | provisioningType = MTSMS | commandId = 465 | cause =  | status = 1 | description =  | cgw_status = null | scenario = 0 | timeout = 60000
28/07 09:48:18:000 orderId = 482862679 , orderDate = Mon Jul 28 09:48:17 ICT 2014 , isdn = 84923962323 , total execute time = 57, validation cost = 11 , create order cost = 46 , update order cost = 0
28/07 10:00:00:632 Order Routing started
28/07 10:00:00:684 Starting process session
28/07 10:00:12:657 Testing connection ...
28/07 10:00:12:658 Created provisioning instance for NMSCHARGING
28/07 10:00:12:659 Testing connection are success
28/07 10:01:11:038 Order Routing started
28/07 10:01:11:115 Starting process session
28/07 10:01:23:267 Testing connection ...
28/07 10:01:23:269 Created provisioning instance for NMSCHARGING
28/07 10:01:23:269 Testing connection are success
28/07 10:04:08:975 84923962323: MSPSAM800008 - CP.MO
28/07 10:04:08:976 orderId = 482862680 | requestId = 0 | orderDate = 2014/07/28 10:04:08 | userName = acom | merchantId = 883 | agentId = 0 | opId = 4 | subProductId = 0 | channel = web | serviceAddress = 8926 | keyword = DK SS | isdn = 84923962323 | subscriberType = 1 | shipTo =  | actionType = register | productId = 960 | amount = 5000.0 | provisioningType = CP | commandId = 880 | cause =  | status = 1 | description =  | cgw_status =  | scenario = 0 | timeout = 0
28/07 10:04:08:976 orderId = 482862680 , orderDate = Mon Jul 28 10:04:08 ICT 2014 , isdn = 84923962323 , total execute time = 50, validation cost = 29 , create order cost = 21 , update order cost = 0
28/07 10:05:09:721 Order Routing started
28/07 10:05:09:830 Starting process session
28/07 10:05:22:403 Testing connection ...
28/07 10:05:22:405 Created provisioning instance for NMSCHARGING
28/07 10:05:22:405 Testing connection are success
28/07 10:05:45:654 84923962323: MSPSAM800008 - CP.MO
28/07 10:05:45:655 orderId = 482862681 | requestId = 0 | orderDate = 2014/07/28 10:05:45 | userName = acom | merchantId = 883 | agentId = 0 | opId = 4 | subProductId = 1982746 | channel = web | serviceAddress = 8926 | keyword = DK SS | isdn = 84923962323 | subscriberType = 1 | shipTo =  | actionType = register | productId = 960 | amount = 5000.0 | provisioningType = CP | commandId = 880 | cause =  | status = 1 | description =  | cgw_status =  | scenario = 0 | timeout = 0
28/07 10:05:45:655 orderId = 482862681 , orderDate = Mon Jul 28 10:05:45 ICT 2014 , isdn = 84923962323 , total execute time = 71, validation cost = 46 , create order cost = 25 , update order cost = 0
28/07 10:07:11:546 84923962323: MSPSAM800008 - CP.MO
28/07 10:07:11:546 orderId = 482862682 | requestId = 0 | orderDate = 2014/07/28 10:07:11 | userName = acom | merchantId = 883 | agentId = 0 | opId = 4 | subProductId = 1982747 | channel = web | serviceAddress = 8926 | keyword = HUY SS | isdn = 84923962323 | subscriberType = 1 | shipTo =  | actionType = unregister | productId = 960 | amount = 5000.0 | provisioningType = CP | commandId = 880 | cause =  | status = 1 | description =  | cgw_status =  | scenario = 0 | timeout = 0
28/07 10:07:11:547 orderId = 482862682 , orderDate = Mon Jul 28 10:07:11 ICT 2014 , isdn = 84923962323 , total execute time = 35, validation cost = 12 , create order cost = 23 , update order cost = 0
28/07 15:28:43:569 Order Routing started
28/07 15:28:43:824 Starting process session
28/07 15:28:57:407 Testing connection ...
28/07 15:28:57:420 Created provisioning instance for NMSCHARGING
28/07 15:28:57:422 Testing connection are success
28/07 15:29:27:814 84967289990: ACOMVT00002 - CP.MO
28/07 15:29:27:816 orderId = 482862684 | requestId = 0 | orderDate = 2014/07/28 15:29:27 | userName = vt8x26 | merchantId = 883 | agentId = 0 | opId = 3 | subProductId = 0 | channel = web | serviceAddress = 8626 | keyword = VTREG_HOT | isdn = 84967289990 | subscriberType = 1 | shipTo =  | actionType = register | productId = 983 | amount = 0.0 | provisioningType = CP | commandId = 880 | cause =  | status = 1 | description =  | cgw_status = null | scenario = 0 | timeout = 30000
28/07 15:29:27:817 orderId = 482862684 , orderDate = Mon Jul 28 15:29:27 ICT 2014 , isdn = 84967289990 , total execute time = 172, validation cost = 78 , create order cost = 94 , update order cost = 0
28/07 15:33:40:933 Close pool
28/07 15:33:40:936 End of process session
28/07 15:33:40:955 Order Routing stopped
28/07 15:33:42:951 Order Routing started
28/07 15:33:42:983 Starting process session
28/07 15:33:43:568 Close pool
28/07 15:33:43:575 Close pool
28/07 15:33:43:575 Testing connection ...
28/07 15:33:43:575 Created provisioning instance for NMSCHARGING
28/07 15:33:43:575 Testing connection are success
28/07 15:33:53:293 84967289990: ACOMVT00003 - CP.MO
28/07 15:33:53:293 orderId = 482862685 | requestId = 0 | orderDate = 2014/07/28 15:33:53 | userName = vt8x26 | merchantId = 883 | agentId = 0 | opId = 3 | subProductId = 0 | channel = web | serviceAddress = 8626 | keyword = VTREG_CHAT | isdn = 84967289990 | subscriberType = 1 | shipTo =  | actionType = register | productId = 984 | amount = 0.0 | provisioningType = CP | commandId = 880 | cause =  | status = 1 | description =  | cgw_status = null | scenario = 0 | timeout = 30000
28/07 15:33:53:294 orderId = 482862685 , orderDate = Mon Jul 28 15:33:53 ICT 2014 , isdn = 84967289990 , total execute time = 38, validation cost = 22 , create order cost = 16 , update order cost = 0
