25/07 15:05:31:667 CRM started
25/07 15:05:31:698 Starting process session
25/07 15:05:34:131 Testing connection ...
25/07 15:05:34:131 Created provisioning instance for CRM
25/07 15:05:34:131 Testing connection are success
25/07 15:18:44:853 CRM started
25/07 15:18:44:954 Starting process session
25/07 15:18:45:632 Testing connection ...
25/07 15:18:45:633 Created provisioning instance for CRM
25/07 15:18:45:633 Testing connection are success
25/07 15:33:17:008 CRM started
25/07 15:33:17:053 Starting process session
25/07 15:33:17:704 Testing connection ...
25/07 15:33:17:705 Created provisioning instance for CRM
25/07 15:33:17:705 Testing connection are success
25/07 15:34:38:899 CRM started
25/07 15:34:38:992 Starting process session
25/07 15:34:39:771 Testing connection ...
25/07 15:34:39:772 Created provisioning instance for CRM
25/07 15:34:39:772 Testing connection are success
25/07 15:38:03:833 CRM started
25/07 15:38:03:939 Starting process session
25/07 15:38:04:931 Testing connection ...
25/07 15:38:04:931 Created provisioning instance for CRM
25/07 15:38:04:931 Testing connection are success
25/07 16:31:00:114 CRM started
25/07 16:31:00:195 Starting process session
25/07 16:31:00:912 Testing connection ...
25/07 16:31:00:913 Created provisioning instance for CRM
25/07 16:31:00:913 Testing connection are success
25/07 17:23:35:887 CRM started
25/07 17:23:35:952 Starting process session
25/07 17:23:36:815 Testing connection ...
25/07 17:23:36:815 Created provisioning instance for CRM
25/07 17:23:36:815 Testing connection are success
25/07 17:28:24:467 CRM started
25/07 17:28:24:533 Starting process session
25/07 17:28:26:036 Testing connection ...
25/07 17:28:26:036 Created provisioning instance for CRM
25/07 17:28:26:037 Testing connection are success
25/07 17:32:11:864 CRM started
25/07 17:32:11:931 Starting process session
25/07 17:32:12:824 Testing connection ...
25/07 17:32:12:824 Created provisioning instance for CRM
25/07 17:32:12:824 Testing connection are success
25/07 23:37:13:597 CRM started
25/07 23:37:13:631 Starting process session
25/07 23:37:40:034 Testing connection ...
25/07 23:37:40:034 Created provisioning instance for CRM
25/07 23:37:40:034 Testing connection are success
