24/07 08:32:35:248 Update database ID=910, ALIAS=ACOMVT00001, SUCCESS=1, FAILURE=0, STARTTIME=23/07/2014 22:49:40.
24/07 08:32:45:255 Update database ID=910, ALIAS=ACOMVT00001, SUCCESS=0, FAILURE=1, STARTTIME=24/07/2014 08:32:35.
24/07 08:43:05:466 Command Statistc started
24/07 08:43:05:501 Starting process session
24/07 08:44:05:538 Update database ID=910, ALIAS=ACOMVT00001, SUCCESS=0, FAILURE=1, STARTTIME=24/07/2014 08:44:00.
24/07 08:45:05:575 Update database ID=910, ALIAS=ACOMVT00001, SUCCESS=0, FAILURE=2, STARTTIME=24/07/2014 08:44:05.
24/07 08:48:45:720 Update database ID=910, ALIAS=ACOMVT00001, SUCCESS=0, FAILURE=1, STARTTIME=24/07/2014 08:45:05.
24/07 08:48:55:736 Update database ID=910, ALIAS=ACOMVT00001, SUCCESS=0, FAILURE=1, STARTTIME=24/07/2014 08:48:45.
24/07 08:49:15:756 Update database ID=910, ALIAS=ACOMVT00001, SUCCESS=0, FAILURE=2, STARTTIME=24/07/2014 08:48:55.
24/07 09:14:26:566 Update database ID=910, ALIAS=ACOMVT00001, SUCCESS=0, FAILURE=2, STARTTIME=24/07/2014 08:49:15.
24/07 09:14:56:585 Update database ID=910, ALIAS=ACOMVT00001, SUCCESS=0, FAILURE=1, STARTTIME=24/07/2014 09:14:26.
24/07 09:17:56:683 Update database ID=910, ALIAS=ACOMVT00001, SUCCESS=0, FAILURE=1, STARTTIME=24/07/2014 09:14:56.
24/07 09:18:16:700 Update database ID=910, ALIAS=ACOMVT00001, SUCCESS=0, FAILURE=1, STARTTIME=24/07/2014 09:17:56.
24/07 09:19:06:735 Update database ID=910, ALIAS=ACOMVT00001, SUCCESS=0, FAILURE=1, STARTTIME=24/07/2014 09:18:16.
24/07 09:19:16:749 Update database ID=910, ALIAS=ACOMVT00001, SUCCESS=0, FAILURE=2, STARTTIME=24/07/2014 09:19:06.
24/07 09:19:26:765 Update database ID=910, ALIAS=ACOMVT00001, SUCCESS=0, FAILURE=1, STARTTIME=24/07/2014 09:19:16.
24/07 09:19:36:776 Update database ID=910, ALIAS=ACOMVT00001, SUCCESS=0, FAILURE=1, STARTTIME=24/07/2014 09:19:26.
24/07 09:19:46:788 Update database ID=910, ALIAS=ACOMVT00001, SUCCESS=0, FAILURE=1, STARTTIME=24/07/2014 09:19:36.
24/07 09:19:56:801 Update database ID=910, ALIAS=ACOMVT00001, SUCCESS=0, FAILURE=1, STARTTIME=24/07/2014 09:19:46.
24/07 09:20:16:824 Update database ID=910, ALIAS=ACOMVT00001, SUCCESS=0, FAILURE=2, STARTTIME=24/07/2014 09:19:56.
24/07 09:21:06:845 Update database ID=910, ALIAS=ACOMVT00001, SUCCESS=0, FAILURE=1, STARTTIME=24/07/2014 09:20:16.
24/07 09:21:16:854 Update database ID=910, ALIAS=ACOMVT00001, SUCCESS=0, FAILURE=2, STARTTIME=24/07/2014 09:21:06.
24/07 09:21:36:879 Update database ID=910, ALIAS=ACOMVT00001, SUCCESS=0, FAILURE=2, STARTTIME=24/07/2014 09:21:16.
24/07 09:22:36:964 java.sql.SQLException: An attempt by a client to checkout a Connection has timed out.
24/07 09:23:08:029 java.sql.SQLException: An attempt by a client to checkout a Connection has timed out.
24/07 09:27:32:882 Command Statistc started
24/07 09:27:32:930 Starting process session
24/07 09:29:02:984 Update database ID=910, ALIAS=ACOMVT00001, SUCCESS=1, FAILURE=0, STARTTIME=24/07/2014 09:28:57.
24/07 09:29:23:005 Update database ID=910, ALIAS=ACOMVT00001, SUCCESS=0, FAILURE=1, STARTTIME=24/07/2014 09:29:02.
24/07 09:34:16:764 Command Statistc started
24/07 09:34:16:831 Starting process session
24/07 09:34:46:859 Update database ID=910, ALIAS=ACOMVT00001, SUCCESS=0, FAILURE=1, STARTTIME=24/07/2014 09:34:41.
24/07 09:35:06:878 Update database ID=910, ALIAS=ACOMVT00001, SUCCESS=0, FAILURE=1, STARTTIME=24/07/2014 09:34:46.
24/07 09:36:46:947 Update database ID=910, ALIAS=ACOMVT00001, SUCCESS=0, FAILURE=2, STARTTIME=24/07/2014 09:35:06.
24/07 09:37:26:973 Update database ID=910, ALIAS=ACOMVT00001, SUCCESS=0, FAILURE=1, STARTTIME=24/07/2014 09:36:46.
24/07 09:38:17:013 Update database ID=910, ALIAS=ACOMVT00001, SUCCESS=0, FAILURE=1, STARTTIME=24/07/2014 09:37:26.
24/07 09:39:07:038 Update database ID=910, ALIAS=ACOMVT00001, SUCCESS=0, FAILURE=2, STARTTIME=24/07/2014 09:38:17.
24/07 09:39:37:052 Update database ID=910, ALIAS=ACOMVT00001, SUCCESS=0, FAILURE=2, STARTTIME=24/07/2014 09:39:07.
24/07 09:40:17:074 Update database ID=910, ALIAS=ACOMVT00001, SUCCESS=0, FAILURE=1, STARTTIME=24/07/2014 09:39:37.
24/07 09:40:27:093 Update database ID=910, ALIAS=ACOMVT00001, SUCCESS=0, FAILURE=1, STARTTIME=24/07/2014 09:40:17.
24/07 09:41:17:133 Update database ID=910, ALIAS=ACOMVT00001, SUCCESS=0, FAILURE=1, STARTTIME=24/07/2014 09:40:27.
24/07 09:41:27:145 Update database ID=910, ALIAS=ACOMVT00001, SUCCESS=0, FAILURE=2, STARTTIME=24/07/2014 09:41:17.
24/07 09:41:37:179 Update database ID=910, ALIAS=ACOMVT00001, SUCCESS=0, FAILURE=3, STARTTIME=24/07/2014 09:41:27.
24/07 09:41:47:186 Update database ID=910, ALIAS=ACOMVT00001, SUCCESS=0, FAILURE=2, STARTTIME=24/07/2014 09:41:37.
24/07 09:41:57:194 Update database ID=910, ALIAS=ACOMVT00001, SUCCESS=0, FAILURE=3, STARTTIME=24/07/2014 09:41:47.
24/07 09:53:06:126 java.sql.SQLException: An attempt by a client to checkout a Connection has timed out.
24/07 09:53:37:180 java.sql.SQLException: An attempt by a client to checkout a Connection has timed out.
24/07 09:54:08:246 java.sql.SQLException: An attempt by a client to checkout a Connection has timed out.
24/07 09:54:39:303 java.sql.SQLException: An attempt by a client to checkout a Connection has timed out.
24/07 10:02:42:344 java.sql.SQLException: An attempt by a client to checkout a Connection has timed out.
24/07 10:03:13:407 java.sql.SQLException: An attempt by a client to checkout a Connection has timed out.
24/07 10:03:44:464 java.sql.SQLException: An attempt by a client to checkout a Connection has timed out.
24/07 10:04:15:501 java.sql.SQLException: An attempt by a client to checkout a Connection has timed out.
24/07 10:05:01:418 java.sql.SQLException: An attempt by a client to checkout a Connection has timed out.
24/07 10:13:59:174 Command Statistc started
24/07 10:13:59:203 Starting process session
24/07 10:15:19:258 Update database ID=910, ALIAS=ACOMVT00001, SUCCESS=1, FAILURE=0, STARTTIME=24/07/2014 10:15:13.
24/07 10:18:46:192 Command Statistc started
24/07 10:18:46:227 Starting process session
24/07 10:21:47:747 Command Statistc started
24/07 10:21:47:781 Starting process session
24/07 10:22:17:810 Update database ID=910, ALIAS=ACOMVT00001, SUCCESS=0, FAILURE=1, STARTTIME=24/07/2014 10:22:14.
24/07 10:39:35:037 Command Statistc started
24/07 10:39:35:071 Starting process session
24/07 10:40:25:101 Update database ID=910, ALIAS=ACOMVT00001, SUCCESS=0, FAILURE=1, STARTTIME=24/07/2014 10:40:15.
24/07 10:55:56:085 Command Statistc started
24/07 10:55:56:135 Starting process session
24/07 10:56:36:167 Update database ID=910, ALIAS=ACOMVT00001, SUCCESS=1, FAILURE=0, STARTTIME=24/07/2014 10:56:33.
24/07 11:46:14:313 Command Statistc started
24/07 11:46:14:395 Starting process session
24/07 11:47:44:438 Update database ID=910, ALIAS=ACOMVT00001, SUCCESS=0, FAILURE=1, STARTTIME=24/07/2014 11:47:36.
24/07 13:30:57:531 Command Statistc started
24/07 13:30:57:570 Starting process session
24/07 13:31:47:612 Update database ID=910, ALIAS=ACOMVT00001, SUCCESS=0, FAILURE=1, STARTTIME=24/07/2014 13:31:40.
24/07 13:33:36:453 Command Statistc started
24/07 13:33:36:488 Starting process session
24/07 13:35:39:922 Command Statistc started
24/07 13:35:39:980 Starting process session
24/07 13:36:40:005 Update database ID=910, ALIAS=ACOMVT00001, SUCCESS=0, FAILURE=1, STARTTIME=24/07/2014 13:36:36.
24/07 13:37:40:063 Update database ID=910, ALIAS=ACOMVT00001, SUCCESS=0, FAILURE=1, STARTTIME=24/07/2014 13:36:40.
24/07 14:34:33:949 Command Statistc started
24/07 14:34:34:009 Starting process session
24/07 14:35:24:035 Update database ID=910, ALIAS=ACOMVT00001, SUCCESS=0, FAILURE=1, STARTTIME=24/07/2014 14:35:22.
24/07 14:38:44:134 Update database ID=910, ALIAS=ACOMVT00001, SUCCESS=0, FAILURE=1, STARTTIME=24/07/2014 14:35:24.
24/07 14:39:41:447 Command Statistc started
24/07 14:39:41:479 Starting process session
24/07 14:40:41:520 Update database ID=910, ALIAS=ACOMVT00001, SUCCESS=0, FAILURE=1, STARTTIME=24/07/2014 14:40:32.
24/07 14:41:01:534 Update database ID=910, ALIAS=ACOMVT00001, SUCCESS=0, FAILURE=1, STARTTIME=24/07/2014 14:40:41.
24/07 14:42:31:572 Update database ID=910, ALIAS=ACOMVT00001, SUCCESS=1, FAILURE=0, STARTTIME=24/07/2014 14:41:01.
24/07 14:42:51:585 Update database ID=910, ALIAS=ACOMVT00001, SUCCESS=1, FAILURE=0, STARTTIME=24/07/2014 14:42:31.
24/07 14:43:01:600 Update database ID=910, ALIAS=ACOMVT00001, SUCCESS=1, FAILURE=0, STARTTIME=24/07/2014 14:42:51.
24/07 14:44:11:628 Update database ID=910, ALIAS=ACOMVT00001, SUCCESS=2, FAILURE=0, STARTTIME=24/07/2014 14:43:01.
24/07 14:44:21:638 Update database ID=910, ALIAS=ACOMVT00001, SUCCESS=2, FAILURE=0, STARTTIME=24/07/2014 14:44:11.
24/07 14:44:31:650 Update database ID=910, ALIAS=ACOMVT00001, SUCCESS=3, FAILURE=0, STARTTIME=24/07/2014 14:44:21.
24/07 14:45:21:689 Update database ID=910, ALIAS=ACOMVT00001, SUCCESS=1, FAILURE=0, STARTTIME=24/07/2014 14:44:31.
24/07 14:45:31:707 Update database ID=910, ALIAS=ACOMVT00001, SUCCESS=4, FAILURE=0, STARTTIME=24/07/2014 14:45:21.
24/07 14:45:41:714 Update database ID=910, ALIAS=ACOMVT00001, SUCCESS=0, FAILURE=1, STARTTIME=24/07/2014 14:45:31.
24/07 14:46:01:730 Update database ID=910, ALIAS=ACOMVT00001, SUCCESS=0, FAILURE=1, STARTTIME=24/07/2014 14:45:41.
24/07 14:47:11:777 Update database ID=910, ALIAS=ACOMVT00001, SUCCESS=0, FAILURE=1, STARTTIME=24/07/2014 14:46:01.
24/07 15:59:27:532 Command Statistc started
24/07 15:59:27:588 Starting process session
24/07 15:59:57:609 Update database ID=910, ALIAS=ACOMVT00001, SUCCESS=1, FAILURE=0, STARTTIME=24/07/2014 15:59:57.
24/07 16:00:07:626 Update database ID=910, ALIAS=ACOMVT00001, SUCCESS=1, FAILURE=0, STARTTIME=24/07/2014 15:59:57.
24/07 16:00:17:640 Update database ID=910, ALIAS=ACOMVT00001, SUCCESS=1, FAILURE=0, STARTTIME=24/07/2014 16:00:07.
24/07 16:00:27:653 Update database ID=910, ALIAS=ACOMVT00001, SUCCESS=5, FAILURE=0, STARTTIME=24/07/2014 16:00:17.
24/07 16:00:37:668 Update database ID=910, ALIAS=ACOMVT00001, SUCCESS=1, FAILURE=0, STARTTIME=24/07/2014 16:00:27.
24/07 16:32:12:647 Command Statistc started
24/07 16:32:12:705 Starting process session
24/07 16:35:32:850 Update database ID=910, ALIAS=ACOMVT00001, SUCCESS=0, FAILURE=4, STARTTIME=24/07/2014 16:35:32.
24/07 16:46:45:618 Command Statistc started
24/07 16:46:45:673 Starting process session
24/07 16:47:26:660 java.sql.SQLException: An attempt by a client to checkout a Connection has timed out.
24/07 16:48:03:914 End of process session
24/07 16:48:03:914 Command Statistc stopped
24/07 16:48:05:928 Command Statistc started
24/07 16:48:05:958 Starting process session
24/07 16:48:45:978 Update database ID=910, ALIAS=ACOMVT00001, SUCCESS=1, FAILURE=0, STARTTIME=24/07/2014 16:48:38.
24/07 16:48:55:985 Update database ID=910, ALIAS=ACOMVT00001, SUCCESS=0, FAILURE=1, STARTTIME=24/07/2014 16:48:45.
24/07 16:49:05:996 Update database ID=910, ALIAS=ACOMVT00001, SUCCESS=6, FAILURE=0, STARTTIME=24/07/2014 16:48:55.
24/07 16:52:56:132 Update database ID=910, ALIAS=ACOMVT00001, SUCCESS=0, FAILURE=4, STARTTIME=24/07/2014 16:49:05.
24/07 16:55:56:230 Update database ID=910, ALIAS=ACOMVT00001, SUCCESS=0, FAILURE=8, STARTTIME=24/07/2014 16:52:56.
24/07 16:59:06:380 Update database ID=910, ALIAS=ACOMVT00001, SUCCESS=0, FAILURE=1, STARTTIME=24/07/2014 16:55:56.
24/07 17:00:46:455 Update database ID=910, ALIAS=ACOMVT00001, SUCCESS=0, FAILURE=1, STARTTIME=24/07/2014 16:59:06.
24/07 17:03:06:550 Update database ID=910, ALIAS=ACOMVT00001, SUCCESS=0, FAILURE=1, STARTTIME=24/07/2014 17:00:46.
24/07 17:03:26:569 Update database ID=910, ALIAS=ACOMVT00001, SUCCESS=0, FAILURE=1, STARTTIME=24/07/2014 17:03:06.
24/07 17:06:16:645 Update database ID=910, ALIAS=ACOMVT00001, SUCCESS=0, FAILURE=1, STARTTIME=24/07/2014 17:03:26.
24/07 17:07:26:698 Update database ID=910, ALIAS=ACOMVT00001, SUCCESS=0, FAILURE=1, STARTTIME=24/07/2014 17:06:16.
24/07 17:08:46:738 Update database ID=910, ALIAS=ACOMVT00001, SUCCESS=0, FAILURE=1, STARTTIME=24/07/2014 17:07:26.
24/07 17:09:06:758 Update database ID=910, ALIAS=ACOMVT00001, SUCCESS=0, FAILURE=1, STARTTIME=24/07/2014 17:08:46.
24/07 17:12:35:265 Command Statistc started
24/07 17:12:35:328 Starting process session
24/07 17:19:44:384 Command Statistc started
24/07 17:19:44:413 Starting process session
24/07 17:20:24:442 Update database ID=910, ALIAS=ACOMVT00001, SUCCESS=1, FAILURE=0, STARTTIME=24/07/2014 17:20:15.
24/07 17:24:14:576 Update database ID=910, ALIAS=ACOMVT00001, SUCCESS=1, FAILURE=0, STARTTIME=24/07/2014 17:20:24.
24/07 17:27:43:237 Command Statistc started
24/07 17:27:43:274 Starting process session
24/07 17:28:23:305 Update database ID=910, ALIAS=ACOMVT00001, SUCCESS=4, FAILURE=0, STARTTIME=24/07/2014 17:28:17.
24/07 21:18:22:332 Command Statistc started
24/07 21:18:22:387 Starting process session
24/07 21:21:02:494 Update database ID=910, ALIAS=ACOMVT00001, SUCCESS=3, FAILURE=0, STARTTIME=24/07/2014 21:20:58.
